running build
running config_cc
unifing config_cc, config, build_clib, build_ext, build commands --compiler options
running config_fc
unifing config_fc, config, build_clib, build_ext, build commands --fcompiler options
running build_src
build_src
building extension "da" sources
f2py options: []
f2py:> /tmp/tmpbfxkozxd/src.linux-x86_64-3.6/damodule.c
creating /tmp/tmpbfxkozxd/src.linux-x86_64-3.6
getctype: "real(kind=r_size)" is mapped to C "float" (to override define dict(real = dict(r_size="<C typespec>")) in /home/jruiz/RISDA_2018/data_assimilation/.f2py_f2cmap file).
getctype: "real(kind=r_size)" is mapped to C "float" (to override define dict(real = dict(r_size="<C typespec>")) in /home/jruiz/RISDA_2018/data_assimilation/.f2py_f2cmap file).
getctype: "real(kind=r_size)" is mapped to C "float" (to override define dict(real = dict(r_size="<C typespec>")) in /home/jruiz/RISDA_2018/data_assimilation/.f2py_f2cmap file).
getctype: "real(kind=r_size)" is mapped to C "float" (to override define dict(real = dict(r_size="<C typespec>")) in /home/jruiz/RISDA_2018/data_assimilation/.f2py_f2cmap file).
getctype: "real(kind=r_size)" is mapped to C "float" (to override define dict(real = dict(r_size="<C typespec>")) in /home/jruiz/RISDA_2018/data_assimilation/.f2py_f2cmap file).
getctype: "real(kind=r_size)" is mapped to C "float" (to override define dict(real = dict(r_size="<C typespec>")) in /home/jruiz/RISDA_2018/data_assimilation/.f2py_f2cmap file).
getctype: "real(kind=r_size)" is mapped to C "float" (to override define dict(real = dict(r_size="<C typespec>")) in /home/jruiz/RISDA_2018/data_assimilation/.f2py_f2cmap file).
getctype: "real(kind=r_size)" is mapped to C "float" (to override define dict(real = dict(r_size="<C typespec>")) in /home/jruiz/RISDA_2018/data_assimilation/.f2py_f2cmap file).
getctype: "real(kind=r_size)" is mapped to C "float" (to override define dict(real = dict(r_size="<C typespec>")) in /home/jruiz/RISDA_2018/data_assimilation/.f2py_f2cmap file).
getctype: "real(kind=r_size)" is mapped to C "float" (to override define dict(real = dict(r_size="<C typespec>")) in /home/jruiz/RISDA_2018/data_assimilation/.f2py_f2cmap file).
getctype: "real(kind=r_size)" is mapped to C "float" (to override define dict(real = dict(r_size="<C typespec>")) in /home/jruiz/RISDA_2018/data_assimilation/.f2py_f2cmap file).
getctype: "real(kind=r_size)" is mapped to C "float" (to override define dict(real = dict(r_size="<C typespec>")) in /home/jruiz/RISDA_2018/data_assimilation/.f2py_f2cmap file).
getctype: "real(kind=r_size)" is mapped to C "float" (to override define dict(real = dict(r_size="<C typespec>")) in /home/jruiz/RISDA_2018/data_assimilation/.f2py_f2cmap file).
getctype: "real(kind=r_size)" is mapped to C "float" (to override define dict(real = dict(r_size="<C typespec>")) in /home/jruiz/RISDA_2018/data_assimilation/.f2py_f2cmap file).
getctype: "real(kind=r_size)" is mapped to C "float" (to override define dict(real = dict(r_size="<C typespec>")) in /home/jruiz/RISDA_2018/data_assimilation/.f2py_f2cmap file).
getctype: "real(kind=r_size)" is mapped to C "float" (to override define dict(real = dict(r_size="<C typespec>")) in /home/jruiz/RISDA_2018/data_assimilation/.f2py_f2cmap file).
getctype: "real(kind=r_size)" is mapped to C "float" (to override define dict(real = dict(r_size="<C typespec>")) in /home/jruiz/RISDA_2018/data_assimilation/.f2py_f2cmap file).
getctype: "real(kind=r_size)" is mapped to C "float" (to override define dict(real = dict(r_size="<C typespec>")) in /home/jruiz/RISDA_2018/data_assimilation/.f2py_f2cmap file).
getctype: "real(kind=r_size)" is mapped to C "float" (to override define dict(real = dict(r_size="<C typespec>")) in /home/jruiz/RISDA_2018/data_assimilation/.f2py_f2cmap file).
getctype: "real(kind=r_size)" is mapped to C "float" (to override define dict(real = dict(r_size="<C typespec>")) in /home/jruiz/RISDA_2018/data_assimilation/.f2py_f2cmap file).
getctype: "real(kind=r_size)" is mapped to C "float" (to override define dict(real = dict(r_size="<C typespec>")) in /home/jruiz/RISDA_2018/data_assimilation/.f2py_f2cmap file).
getctype: "real(kind=r_size)" is mapped to C "float" (to override define dict(real = dict(r_size="<C typespec>")) in /home/jruiz/RISDA_2018/data_assimilation/.f2py_f2cmap file).
getctype: "real(kind=r_size)" is mapped to C "float" (to override define dict(real = dict(r_size="<C typespec>")) in /home/jruiz/RISDA_2018/data_assimilation/.f2py_f2cmap file).
getctype: "real(kind=r_size)" is mapped to C "float" (to override define dict(real = dict(r_size="<C typespec>")) in /home/jruiz/RISDA_2018/data_assimilation/.f2py_f2cmap file).
getctype: "real(kind=r_size)" is mapped to C "float" (to override define dict(real = dict(r_size="<C typespec>")) in /home/jruiz/RISDA_2018/data_assimilation/.f2py_f2cmap file).
getctype: "real(kind=r_size)" is mapped to C "float" (to override define dict(real = dict(r_size="<C typespec>")) in /home/jruiz/RISDA_2018/data_assimilation/.f2py_f2cmap file).
getctype: "real(kind=r_size)" is mapped to C "float" (to override define dict(real = dict(r_size="<C typespec>")) in /home/jruiz/RISDA_2018/data_assimilation/.f2py_f2cmap file).
getctype: "real(kind=r_size)" is mapped to C "float" (to override define dict(real = dict(r_size="<C typespec>")) in /home/jruiz/RISDA_2018/data_assimilation/.f2py_f2cmap file).
getctype: "real(kind=r_size)" is mapped to C "float" (to override define dict(real = dict(r_size="<C typespec>")) in /home/jruiz/RISDA_2018/data_assimilation/.f2py_f2cmap file).
getctype: "real(kind=r_size)" is mapped to C "float" (to override define dict(real = dict(r_size="<C typespec>")) in /home/jruiz/RISDA_2018/data_assimilation/.f2py_f2cmap file).
getctype: "real(kind=r_size)" is mapped to C "float" (to override define dict(real = dict(r_size="<C typespec>")) in /home/jruiz/RISDA_2018/data_assimilation/.f2py_f2cmap file).
getctype: "real(kind=r_size)" is mapped to C "float" (to override define dict(real = dict(r_size="<C typespec>")) in /home/jruiz/RISDA_2018/data_assimilation/.f2py_f2cmap file).
getctype: "real(kind=r_size)" is mapped to C "float" (to override define dict(real = dict(r_size="<C typespec>")) in /home/jruiz/RISDA_2018/data_assimilation/.f2py_f2cmap file).
getctype: "real(kind=r_size)" is mapped to C "float" (to override define dict(real = dict(r_size="<C typespec>")) in /home/jruiz/RISDA_2018/data_assimilation/.f2py_f2cmap file).
getctype: "real(kind=r_size)" is mapped to C "float" (to override define dict(real = dict(r_size="<C typespec>")) in /home/jruiz/RISDA_2018/data_assimilation/.f2py_f2cmap file).
getctype: "real(kind=r_size)" is mapped to C "float" (to override define dict(real = dict(r_size="<C typespec>")) in /home/jruiz/RISDA_2018/data_assimilation/.f2py_f2cmap file).
getctype: "real(kind=r_size)" is mapped to C "float" (to override define dict(real = dict(r_size="<C typespec>")) in /home/jruiz/RISDA_2018/data_assimilation/.f2py_f2cmap file).
getctype: "real(kind=r_size)" is mapped to C "float" (to override define dict(real = dict(r_size="<C typespec>")) in /home/jruiz/RISDA_2018/data_assimilation/.f2py_f2cmap file).
getctype: "real(kind=r_size)" is mapped to C "float" (to override define dict(real = dict(r_size="<C typespec>")) in /home/jruiz/RISDA_2018/data_assimilation/.f2py_f2cmap file).
getctype: "real(kind=r_size)" is mapped to C "float" (to override define dict(real = dict(r_size="<C typespec>")) in /home/jruiz/RISDA_2018/data_assimilation/.f2py_f2cmap file).
getctype: "real(kind=r_size)" is mapped to C "float" (to override define dict(real = dict(r_size="<C typespec>")) in /home/jruiz/RISDA_2018/data_assimilation/.f2py_f2cmap file).
getctype: "real(kind=r_size)" is mapped to C "float" (to override define dict(real = dict(r_size="<C typespec>")) in /home/jruiz/RISDA_2018/data_assimilation/.f2py_f2cmap file).
getctype: "real(kind=r_size)" is mapped to C "float" (to override define dict(real = dict(r_size="<C typespec>")) in /home/jruiz/RISDA_2018/data_assimilation/.f2py_f2cmap file).
getctype: "real(kind=r_size)" is mapped to C "float" (to override define dict(real = dict(r_size="<C typespec>")) in /home/jruiz/RISDA_2018/data_assimilation/.f2py_f2cmap file).
getctype: "real(kind=r_size)" is mapped to C "float" (to override define dict(real = dict(r_size="<C typespec>")) in /home/jruiz/RISDA_2018/data_assimilation/.f2py_f2cmap file).
getctype: "real(kind=r_size)" is mapped to C "float" (to override define dict(real = dict(r_size="<C typespec>")) in /home/jruiz/RISDA_2018/data_assimilation/.f2py_f2cmap file).
getctype: "real(kind=r_size)" is mapped to C "float" (to override define dict(real = dict(r_size="<C typespec>")) in /home/jruiz/RISDA_2018/data_assimilation/.f2py_f2cmap file).
Reading fortran codes...
	Reading file 'netlib.f90' (format:fix)
	Reading file 'SFMT.f90' (format:free)
	Reading file 'common_tools.f90' (format:free)
	Reading file 'common_mtx.f90' (format:free)
	Reading file 'common_letkf.f90' (format:free)
	Reading file 'common_da_tools_1d.f90' (format:free)
Post-processing...
	Block: da
			Block: dspdi
			Block: dspfa
			Block: pythag
			Block: rs
			Block: tql1
			Block: tql2
			Block: tred1
			Block: tred2
			Block: daxpy
			Block: dcopy
			Block: ddot
			Block: dswap
			Block: idamax
			Block: dgemm
			Block: lsame
			Block: xerbla
			Block: mod_sfmt
			Block: rshift128
			Block: lshift128
			Block: do_recursion
			Block: gen_rand_all
			Block: period_certification
			Block: gen_rand32
			Block: gen_rand64
			Block: init_gen_rand
			Block: genrand_res53
			Block: common_tools
				Block: com_mean
				Block: com_stdev
				Block: com_covar
				Block: com_correl
				Block: com_anomcorrel
				Block: com_l2norm
				Block: com_rms
				Block: com_filter_lanczos
				Block: com_rand
				Block: com_randn
				Block: com_interp_spline
			Block: common_mtx
				Block: mtx_eigen
				Block: mtx_inv
				Block: mtx_sqrt
				Block: mtx_inv_rg
			Block: common_letkf
				Block: letkf_core
In: :da:common_letkf.f90:common_letkf:letkf_core
get_parameters: got "unexpected EOF while parsing (<string>, line 1)" on '0.04d0'
				Block: weight_rtps
				Block: weight_rtpp
				Block: weight_epes
				Block: weight_modepes
			Block: common_da_tools
				Block: da_letkf
In: :da:common_da_tools_1d.f90:common_da_tools:da_letkf
get_parameters: got "unexpected EOF while parsing (<string>, line 1)" on '1.0d0'
				Block: da_etkf
In: :da:common_da_tools_1d.f90:common_da_tools:da_etkf
get_parameters: got "unexpected EOF while parsing (<string>, line 1)" on '1.0d0'
				Block: r_localization
				Block: distance_x
Post-processing (stage 2)...
	Block: da
		Block: unknown_interface
			Block: dspdi
			Block: dspfa
			Block: pythag
			Block: rs
			Block: tql1
			Block: tql2
			Block: tred1
			Block: tred2
			Block: daxpy
			Block: dcopy
			Block: ddot
			Block: dswap
			Block: idamax
			Block: dgemm
			Block: lsame
			Block: xerbla
			Block: mod_sfmt
			Block: rshift128
			Block: lshift128
			Block: do_recursion
			Block: gen_rand_all
			Block: period_certification
			Block: gen_rand32
			Block: gen_rand64
			Block: init_gen_rand
			Block: genrand_res53
			Block: common_tools
				Block: com_mean
				Block: com_stdev
				Block: com_covar
				Block: com_correl
				Block: com_anomcorrel
				Block: com_l2norm
				Block: com_rms
				Block: com_filter_lanczos
				Block: com_rand
				Block: com_randn
				Block: com_interp_spline
			Block: common_mtx
				Block: mtx_eigen
				Block: mtx_inv
				Block: mtx_sqrt
				Block: mtx_inv_rg
			Block: common_letkf
				Block: letkf_core
				Block: weight_rtps
				Block: weight_rtpp
				Block: weight_epes
				Block: weight_modepes
			Block: common_da_tools
				Block: da_letkf
				Block: da_etkf
				Block: r_localization
				Block: distance_x
Building modules...
	Building module "da"...
		Constructing wrapper function "dspdi"...
		  dspdi(ap,n,kpvt,det,inert,work,job)
		Constructing wrapper function "dspfa"...
		  dspfa(ap,n,kpvt,info)
		Creating wrapper for Fortran function "pythag"("pythag")...
		Constructing wrapper function "pythag"...
		  pythag = pythag(a,b)
		Constructing wrapper function "rs"...
		  rs(a,w,matz,z,fv1,fv2,ierr,[nm,n])
		Constructing wrapper function "tql1"...
		  tql1(d,e,ierr,[n])
		Constructing wrapper function "tql2"...
		  tql2(d,e,z,ierr,[nm,n])
		Constructing wrapper function "tred1"...
		  tred1(a,d,e,e2,[nm,n])
		Constructing wrapper function "tred2"...
		  tred2(a,d,e,z,[nm,n])
		Constructing wrapper function "daxpy"...
getarrdims:warning: assumed shape array, using 0 instead of '*'
getarrdims:warning: assumed shape array, using 0 instead of '*'
		  daxpy(n,da,dx,incx,dy,incy)
		Constructing wrapper function "dcopy"...
getarrdims:warning: assumed shape array, using 0 instead of '*'
getarrdims:warning: assumed shape array, using 0 instead of '*'
		  dcopy(n,dx,incx,dy,incy)
		Creating wrapper for Fortran function "ddot"("ddot")...
		Constructing wrapper function "ddot"...
getarrdims:warning: assumed shape array, using 0 instead of '*'
getarrdims:warning: assumed shape array, using 0 instead of '*'
		  ddot = ddot(n,dx,incx,dy,incy)
		Constructing wrapper function "dswap"...
getarrdims:warning: assumed shape array, using 0 instead of '*'
getarrdims:warning: assumed shape array, using 0 instead of '*'
		  dswap(n,dx,incx,dy,incy)
		Creating wrapper for Fortran function "idamax"("idamax")...
		Constructing wrapper function "idamax"...
getarrdims:warning: assumed shape array, using 0 instead of '*'
		  idamax = idamax(n,dx,incx)
		Constructing wrapper function "dgemm"...
getarrdims:warning: assumed shape array, using 0 instead of '*'
getarrdims:warning: assumed shape array, using 0 instead of '*'
getarrdims:warning: assumed shape array, using 0 instead of '*'
		  dgemm(transa,transb,m,n,k,alpha,a,b,beta,c,[lda,ldb,ldc])
		Creating wrapper for Fortran function "lsame"("lsame")...
		Constructing wrapper function "lsame"...
		  lsame = lsame(ca,cb)
		Constructing wrapper function "xerbla"...
		  xerbla(srname,info)
		Constructing wrapper function "rshift128"...
		  outtop,outbtm = rshift128(intop,inbtm,shift)
		Constructing wrapper function "lshift128"...
		  outtop,outbtm = lshift128(intop,inbtm,shift)
		Constructing wrapper function "do_recursion"...
		  rtop,rbtm = do_recursion(atop,abtm,btop,bbtm,ctop,cbtm,dtop,dbtm)
		Constructing wrapper function "gen_rand_all"...
		  gen_rand_all()
		Constructing wrapper function "period_certification"...
		  period_certification()
		Creating wrapper for Fortran function "gen_rand32"("gen_rand32")...
		Constructing wrapper function "gen_rand32"...
		  gen_rand32 = gen_rand32()
		Creating wrapper for Fortran function "gen_rand64"("gen_rand64")...
		Constructing wrapper function "gen_rand64"...
		  gen_rand64 = gen_rand64()
		Constructing wrapper function "init_gen_rand"...
		  init_gen_rand(seed)
		Creating wrapper for Fortran function "genrand_res53"("genrand_res53")...
		Constructing wrapper function "genrand_res53"...
		  genrand_res53 = genrand_res53()
		Constructing F90 module support for "mod_sfmt"...
		  Variables: mexp n n32 n64 psfmt32 psfmt64 idx initialized pos1 sl1 sl2 sr1 sr2 msk12 msk34 msk_l parity1 parity2 parity3 parity4 parity
		Constructing F90 module support for "common_tools"...
		  Variables: r_size r_dble r_sngl pi gg rd cp re r_omega t0c undef
			Constructing wrapper function "common_tools.com_mean"...
			  amean = com_mean(var,[ndim])
			Constructing wrapper function "common_tools.com_stdev"...
			  aout = com_stdev(var,[ndim])
			Constructing wrapper function "common_tools.com_covar"...
			  cov = com_covar(var1,var2,[ndim])
			Constructing wrapper function "common_tools.com_correl"...
			  cor = com_correl(var1,var2,[ndim])
			Constructing wrapper function "common_tools.com_anomcorrel"...
			  cor = com_anomcorrel(var1,var2,varmean,[ndim])
			Constructing wrapper function "common_tools.com_l2norm"...
			  anorm = com_l2norm(var,[ndim])
			Constructing wrapper function "common_tools.com_rms"...
			  rmsv = com_rms(var,[ndim])
			Constructing wrapper function "common_tools.com_filter_lanczos"...
			  com_filter_lanczos(fc,var,[ndim])
			Constructing wrapper function "common_tools.com_rand"...
			  var = com_rand(ndim)
			Constructing wrapper function "common_tools.com_randn"...
			  var = com_randn(ndim,seed)
			Constructing wrapper function "common_tools.com_interp_spline"...
			  y5 = com_interp_spline(x,y,x5,[ndim,n])
		Constructing F90 module support for "common_mtx"...
			Constructing wrapper function "common_mtx.mtx_eigen"...
			  eival,eivec,nrank_eff = mtx_eigen(imode,a,[n])
			Constructing wrapper function "common_mtx.mtx_inv"...
			  ainv = mtx_inv(a,[n])
			Constructing wrapper function "common_mtx.mtx_sqrt"...
			  a_sqrt = mtx_sqrt(a,[n])
			Constructing wrapper function "common_mtx.mtx_inv_rg"...
			  ff = mtx_inv_rg(aa,[n])
		Constructing F90 module support for "common_letkf"...
			Constructing wrapper function "common_letkf.letkf_core"...
			  trans,transm,pao = letkf_core(hdxb,rdiag,rloc,dep,parm_infl,minfl,[ne,nobsl])
			Constructing wrapper function "common_letkf.weight_rtps"...
			  wrlx = weight_rtps(relax_alpha_spread,w,pa,xb,[ne])
			Constructing wrapper function "common_letkf.weight_rtpp"...
			  wrlx = weight_rtpp(relax_alpha,w,[ne])
			Constructing wrapper function "common_letkf.weight_epes"...
			  wrlx = weight_epes(relax_alpha_spreadw,w,[ne])
			Constructing wrapper function "common_letkf.weight_modepes"...
			  wrlx = weight_modepes(relax_alpha_spreadw,w,[ne])
		Constructing F90 module support for "common_da_tools"...
			Constructing wrapper function "common_da_tools.da_letkf"...
			  xaens = da_letkf(xloc,tloc,xfens,obs,obsloc,ofens,rdiag,loc_scale,inf_coefs,update_smooth_coef,[nx,nt,no,nens,nvar])
			Constructing wrapper function "common_da_tools.da_etkf"...
			  xaens = da_etkf(xfens,obs,ofens,rdiag,inf_coefs,[nx,nt,no,nens,nvar])
			Constructing wrapper function "common_da_tools.r_localization"...
			  no_loc,ofpert_loc,d_loc,rdiag_loc,rwf_loc = r_localization(ofpert,d,rdiag,grid_loc,x_min,x_max,dx,obsloc,loc_scale,[no,nens])
			Constructing wrapper function "common_da_tools.distance_x"...
			  distance = distance_x(x1,x2,x_min,x_max,dx)
	Wrote C/API module "da" to file "/tmp/tmpbfxkozxd/src.linux-x86_64-3.6/damodule.c"
	Fortran 77 wrappers are saved to "/tmp/tmpbfxkozxd/src.linux-x86_64-3.6/da-f2pywrappers.f"
	Fortran 90 wrappers are saved to "/tmp/tmpbfxkozxd/src.linux-x86_64-3.6/da-f2pywrappers2.f90"
  adding '/tmp/tmpbfxkozxd/src.linux-x86_64-3.6/fortranobject.c' to sources.
  adding '/tmp/tmpbfxkozxd/src.linux-x86_64-3.6' to include_dirs.
copying /home/jruiz/anaconda3/lib/python3.6/site-packages/numpy/f2py/src/fortranobject.c -> /tmp/tmpbfxkozxd/src.linux-x86_64-3.6
copying /home/jruiz/anaconda3/lib/python3.6/site-packages/numpy/f2py/src/fortranobject.h -> /tmp/tmpbfxkozxd/src.linux-x86_64-3.6
  adding '/tmp/tmpbfxkozxd/src.linux-x86_64-3.6/da-f2pywrappers.f' to sources.
  adding '/tmp/tmpbfxkozxd/src.linux-x86_64-3.6/da-f2pywrappers2.f90' to sources.
build_src: building npy-pkg config files
running build_ext
customize UnixCCompiler
customize UnixCCompiler using build_ext
customize Gnu95FCompiler
Found executable /usr/bin/gfortran
customize Gnu95FCompiler
customize Gnu95FCompiler using build_ext
building 'da' extension
compiling C sources
C compiler: gcc -pthread -B /home/jruiz/anaconda3/compiler_compat -Wl,--sysroot=/ -Wsign-compare -DNDEBUG -g -fwrapv -O3 -Wall -Wstrict-prototypes -fPIC

creating /tmp/tmpbfxkozxd/tmp
creating /tmp/tmpbfxkozxd/tmp/tmpbfxkozxd
creating /tmp/tmpbfxkozxd/tmp/tmpbfxkozxd/src.linux-x86_64-3.6
compile options: '-I/tmp/tmpbfxkozxd/src.linux-x86_64-3.6 -I/home/jruiz/anaconda3/lib/python3.6/site-packages/numpy/core/include -I/home/jruiz/anaconda3/include/python3.6m -c'
gcc: /tmp/tmpbfxkozxd/src.linux-x86_64-3.6/damodule.c
In file included from /home/jruiz/anaconda3/lib/python3.6/site-packages/numpy/core/include/numpy/ndarraytypes.h:1809:0,
                 from /home/jruiz/anaconda3/lib/python3.6/site-packages/numpy/core/include/numpy/ndarrayobject.h:18,
                 from /home/jruiz/anaconda3/lib/python3.6/site-packages/numpy/core/include/numpy/arrayobject.h:4,
                 from /tmp/tmpbfxkozxd/src.linux-x86_64-3.6/fortranobject.h:13,
                 from /tmp/tmpbfxkozxd/src.linux-x86_64-3.6/damodule.c:19:
/home/jruiz/anaconda3/lib/python3.6/site-packages/numpy/core/include/numpy/npy_1_7_deprecated_api.h:15:2: warning: #warning "Using deprecated NumPy API, disable it by " "#defining NPY_NO_DEPRECATED_API NPY_1_7_API_VERSION" [-Wcpp]
 #warning "Using deprecated NumPy API, disable it by " \
  ^
/tmp/tmpbfxkozxd/src.linux-x86_64-3.6/damodule.c:227:12: warning: ‘f2py_size’ defined but not used [-Wunused-function]
 static int f2py_size(PyArrayObject* var, ...)
            ^
gcc: /tmp/tmpbfxkozxd/src.linux-x86_64-3.6/fortranobject.c
In file included from /home/jruiz/anaconda3/lib/python3.6/site-packages/numpy/core/include/numpy/ndarraytypes.h:1809:0,
                 from /home/jruiz/anaconda3/lib/python3.6/site-packages/numpy/core/include/numpy/ndarrayobject.h:18,
                 from /home/jruiz/anaconda3/lib/python3.6/site-packages/numpy/core/include/numpy/arrayobject.h:4,
                 from /tmp/tmpbfxkozxd/src.linux-x86_64-3.6/fortranobject.h:13,
                 from /tmp/tmpbfxkozxd/src.linux-x86_64-3.6/fortranobject.c:2:
/home/jruiz/anaconda3/lib/python3.6/site-packages/numpy/core/include/numpy/npy_1_7_deprecated_api.h:15:2: warning: #warning "Using deprecated NumPy API, disable it by " "#defining NPY_NO_DEPRECATED_API NPY_1_7_API_VERSION" [-Wcpp]
 #warning "Using deprecated NumPy API, disable it by " \
  ^
/tmp/tmpbfxkozxd/src.linux-x86_64-3.6/fortranobject.c: In function ‘format_def’:
/tmp/tmpbfxkozxd/src.linux-x86_64-3.6/fortranobject.c:138:18: warning: comparison between signed and unsigned integer expressions [-Wsign-compare]
         if (size < sizeof(notalloc)) {
                  ^
compiling Fortran 90 module sources
Fortran f77 compiler: /usr/bin/gfortran -Wall -g -ffixed-form -fno-second-underscore -fPIC $FFLAGS
Fortran f90 compiler: /usr/bin/gfortran -Wall -g -fno-second-underscore -fPIC $FFLAGS
Fortran fix compiler: /usr/bin/gfortran -Wall -g -ffixed-form -fno-second-underscore -Wall -g -fno-second-underscore -fPIC $FFLAGS
compile options: '-I/tmp/tmpbfxkozxd/src.linux-x86_64-3.6 -I/home/jruiz/anaconda3/lib/python3.6/site-packages/numpy/core/include -I/home/jruiz/anaconda3/include/python3.6m -c'
extra options: '-J/tmp/tmpbfxkozxd/ -I/tmp/tmpbfxkozxd/'
gfortran:f90: SFMT.f90
SFMT.f90:511:21:

         gen_rand32 = ibits(psfmt64(idx/2),32,32)
                     1
Warning: Possible change of value in conversion from INTEGER(8) to INTEGER(4) at (1) [-Wconversion]
SFMT.f90:513:21:

         gen_rand32 = ibits(psfmt64(idx/2),0,32)
                     1
Warning: Possible change of value in conversion from INTEGER(8) to INTEGER(4) at (1) [-Wconversion]
SFMT.f90:638:21:

         psfmt32(i) = ibits( temp64, 0, 32 )
                     1
Warning: Possible change of value in conversion from INTEGER(8) to INTEGER(4) at (1) [-Wconversion]
SFMT.f90:528:14:

     integer::i
              1
Warning: Unused variable ‘i’ declared at (1) [-Wunused-variable]
gfortran:f90: common_tools.f90
common_tools.f90:60:14:

   INTEGER :: i
              1
Warning: Unused variable ‘i’ declared at (1) [-Wunused-variable]
gfortran:f90: common_mtx.f90
gfortran:f90: common_letkf.f90
common_letkf.f90:68:18:

   INTEGER :: i,j,k
                  1
Warning: Unused variable ‘k’ declared at (1) [-Wunused-variable]
gfortran:f90: common_da_tools_1d.f90
common_da_tools_1d.f90:242:34:

 REAL(r_size)               :: work
                                  1
Warning: Unused variable ‘work’ declared at (1) [-Wunused-variable]
common_da_tools_1d.f90:37:53:

 REAL(r_size)               :: xapert(nx,nens,nvar,nt)       !State and parameter analysis perturbations
                                                     1
Warning: Unused variable ‘xapert’ declared at (1) [-Wunused-variable]
compiling Fortran sources
Fortran f77 compiler: /usr/bin/gfortran -Wall -g -ffixed-form -fno-second-underscore -fPIC $FFLAGS
Fortran f90 compiler: /usr/bin/gfortran -Wall -g -fno-second-underscore -fPIC $FFLAGS
Fortran fix compiler: /usr/bin/gfortran -Wall -g -ffixed-form -fno-second-underscore -Wall -g -fno-second-underscore -fPIC $FFLAGS
compile options: '-I/tmp/tmpbfxkozxd/src.linux-x86_64-3.6 -I/home/jruiz/anaconda3/lib/python3.6/site-packages/numpy/core/include -I/home/jruiz/anaconda3/include/python3.6m -c'
extra options: '-J/tmp/tmpbfxkozxd/ -I/tmp/tmpbfxkozxd/'
gfortran:fix: netlib.f90
gfortran:f90: /tmp/tmpbfxkozxd/src.linux-x86_64-3.6/da-f2pywrappers2.f90
gfortran:f77: /tmp/tmpbfxkozxd/src.linux-x86_64-3.6/da-f2pywrappers.f
/usr/bin/gfortran -Wall -g -Wall -g -shared /tmp/tmpbfxkozxd/tmp/tmpbfxkozxd/src.linux-x86_64-3.6/damodule.o /tmp/tmpbfxkozxd/tmp/tmpbfxkozxd/src.linux-x86_64-3.6/fortranobject.o /tmp/tmpbfxkozxd/SFMT.o /tmp/tmpbfxkozxd/common_tools.o /tmp/tmpbfxkozxd/common_mtx.o /tmp/tmpbfxkozxd/common_letkf.o /tmp/tmpbfxkozxd/common_da_tools_1d.o /tmp/tmpbfxkozxd/netlib.o /tmp/tmpbfxkozxd/tmp/tmpbfxkozxd/src.linux-x86_64-3.6/da-f2pywrappers.o /tmp/tmpbfxkozxd/tmp/tmpbfxkozxd/src.linux-x86_64-3.6/da-f2pywrappers2.o -L/home/jruiz/anaconda3/lib -lpython3.6m -lgfortran -o ./da.cpython-36m-x86_64-linux-gnu.so
getctype: "real(kind=r_size)" is mapped to C "float" (to override define dict(real = dict(r_size="<C typespec>")) in /home/jruiz/RISDA_2018/data_assimilation/.f2py_f2cmap file).
getctype: "real(kind=r_size)" is mapped to C "float" (to override define dict(real = dict(r_size="<C typespec>")) in /home/jruiz/RISDA_2018/data_assimilation/.f2py_f2cmap file).
getctype: "real(kind=r_size)" is mapped to C "float" (to override define dict(real = dict(r_size="<C typespec>")) in /home/jruiz/RISDA_2018/data_assimilation/.f2py_f2cmap file).
getctype: "real(kind=r_size)" is mapped to C "float" (to override define dict(real = dict(r_size="<C typespec>")) in /home/jruiz/RISDA_2018/data_assimilation/.f2py_f2cmap file).
getctype: "real(kind=r_size)" is mapped to C "float" (to override define dict(real = dict(r_size="<C typespec>")) in /home/jruiz/RISDA_2018/data_assimilation/.f2py_f2cmap file).
getctype: "real(kind=r_size)" is mapped to C "float" (to override define dict(real = dict(r_size="<C typespec>")) in /home/jruiz/RISDA_2018/data_assimilation/.f2py_f2cmap file).
getctype: "real(kind=r_size)" is mapped to C "float" (to override define dict(real = dict(r_size="<C typespec>")) in /home/jruiz/RISDA_2018/data_assimilation/.f2py_f2cmap file).
getctype: "real(kind=r_size)" is mapped to C "float" (to override define dict(real = dict(r_size="<C typespec>")) in /home/jruiz/RISDA_2018/data_assimilation/.f2py_f2cmap file).
getctype: "real(kind=r_size)" is mapped to C "float" (to override define dict(real = dict(r_size="<C typespec>")) in /home/jruiz/RISDA_2018/data_assimilation/.f2py_f2cmap file).
getctype: "real(kind=r_size)" is mapped to C "float" (to override define dict(real = dict(r_size="<C typespec>")) in /home/jruiz/RISDA_2018/data_assimilation/.f2py_f2cmap file).
getctype: "real(kind=r_size)" is mapped to C "float" (to override define dict(real = dict(r_size="<C typespec>")) in /home/jruiz/RISDA_2018/data_assimilation/.f2py_f2cmap file).
getctype: "real(kind=r_size)" is mapped to C "float" (to override define dict(real = dict(r_size="<C typespec>")) in /home/jruiz/RISDA_2018/data_assimilation/.f2py_f2cmap file).
getctype: "real(kind=r_size)" is mapped to C "float" (to override define dict(real = dict(r_size="<C typespec>")) in /home/jruiz/RISDA_2018/data_assimilation/.f2py_f2cmap file).
getctype: "real(kind=r_size)" is mapped to C "float" (to override define dict(real = dict(r_size="<C typespec>")) in /home/jruiz/RISDA_2018/data_assimilation/.f2py_f2cmap file).
getctype: "real(kind=r_size)" is mapped to C "float" (to override define dict(real = dict(r_size="<C typespec>")) in /home/jruiz/RISDA_2018/data_assimilation/.f2py_f2cmap file).
getctype: "real(kind=r_size)" is mapped to C "float" (to override define dict(real = dict(r_size="<C typespec>")) in /home/jruiz/RISDA_2018/data_assimilation/.f2py_f2cmap file).
getctype: "real(kind=r_size)" is mapped to C "float" (to override define dict(real = dict(r_size="<C typespec>")) in /home/jruiz/RISDA_2018/data_assimilation/.f2py_f2cmap file).
getctype: "real(kind=r_size)" is mapped to C "float" (to override define dict(real = dict(r_size="<C typespec>")) in /home/jruiz/RISDA_2018/data_assimilation/.f2py_f2cmap file).
getctype: "real(kind=r_size)" is mapped to C "float" (to override define dict(real = dict(r_size="<C typespec>")) in /home/jruiz/RISDA_2018/data_assimilation/.f2py_f2cmap file).
getctype: "real(kind=r_size)" is mapped to C "float" (to override define dict(real = dict(r_size="<C typespec>")) in /home/jruiz/RISDA_2018/data_assimilation/.f2py_f2cmap file).
getctype: "real(kind=r_size)" is mapped to C "float" (to override define dict(real = dict(r_size="<C typespec>")) in /home/jruiz/RISDA_2018/data_assimilation/.f2py_f2cmap file).
getctype: "real(kind=r_size)" is mapped to C "float" (to override define dict(real = dict(r_size="<C typespec>")) in /home/jruiz/RISDA_2018/data_assimilation/.f2py_f2cmap file).
getctype: "real(kind=r_size)" is mapped to C "float" (to override define dict(real = dict(r_size="<C typespec>")) in /home/jruiz/RISDA_2018/data_assimilation/.f2py_f2cmap file).
getctype: "real(kind=r_size)" is mapped to C "float" (to override define dict(real = dict(r_size="<C typespec>")) in /home/jruiz/RISDA_2018/data_assimilation/.f2py_f2cmap file).
getctype: "real(kind=r_size)" is mapped to C "float" (to override define dict(real = dict(r_size="<C typespec>")) in /home/jruiz/RISDA_2018/data_assimilation/.f2py_f2cmap file).
getctype: "real(kind=r_size)" is mapped to C "float" (to override define dict(real = dict(r_size="<C typespec>")) in /home/jruiz/RISDA_2018/data_assimilation/.f2py_f2cmap file).
getctype: "real(kind=r_size)" is mapped to C "float" (to override define dict(real = dict(r_size="<C typespec>")) in /home/jruiz/RISDA_2018/data_assimilation/.f2py_f2cmap file).
getctype: "real(kind=r_size)" is mapped to C "float" (to override define dict(real = dict(r_size="<C typespec>")) in /home/jruiz/RISDA_2018/data_assimilation/.f2py_f2cmap file).
getctype: "real(kind=r_size)" is mapped to C "float" (to override define dict(real = dict(r_size="<C typespec>")) in /home/jruiz/RISDA_2018/data_assimilation/.f2py_f2cmap file).
getctype: "real(kind=r_size)" is mapped to C "float" (to override define dict(real = dict(r_size="<C typespec>")) in /home/jruiz/RISDA_2018/data_assimilation/.f2py_f2cmap file).
getctype: "real(kind=r_size)" is mapped to C "float" (to override define dict(real = dict(r_size="<C typespec>")) in /home/jruiz/RISDA_2018/data_assimilation/.f2py_f2cmap file).
Removing build directory /tmp/tmpbfxkozxd
